<?xml version="1.0" encoding="utf-8"?>
<assemblies timestamp="11/17/2019 23:00:22">
  <assembly name="C:\Users\701295361\Documents\Builds\openshift-siebel-notes-sln\UnitTests\bin\Debug\netcoreapp2.2\UnitTests.dll" run-date="2019-11-17" run-time="23:00:22" total="1" passed="1" failed="0" skipped="0" time="0.007" errors="0">
    <errors />
    <collection total="1" passed="1" failed="0" skipped="0" name="Test collection for UnitTests.XmlManagerUnitTest" time="0.007">
      <test name="UnitTests.XmlManagerUnitTest.ValidateSchema_Valid_Xml" type="UnitTests.XmlManagerUnitTest" method="ValidateSchema_Valid_Xml" time="0.0070000" result="Pass">
        <traits />
      </test>
    </collection>
  </assembly>
</assemblies>